This is TeX, Version 3.1415926 (TeX Live 2009/Debian) (format=tex 2013.5.6)  22 MAY 2013 17:17
**develop
(./develop.tex (./parimacro.tex
\std=\read0
 (./paricfg.tex)
\toc=\write0
\out=\write1
\aux=\write2
\index=\write3

SECOND PASS
(./develop.aux)) [1
\openout2 = `develop.aux'.

\appno=\count8
\chapno=\count8
\secno=\count8
\subsecno=\count8
\subsubsecno=\count8
\euffam=\fam8
] [2] (./develop.toc) [3
\openout0 = `develop.toc'.

] (./develop.aux) [4] [5]
(./index.tex) [6
\fullhsize=\dimen20
\leftcolumn=\box20
\dbox=\box20
\dfillskip=\skip20
\interskipa=\skip20
\interskipb=\skip20
] )
Output written on develop.dvi (6 pages, 6792 bytes).
