This is TeX, Version 3.1415926 (TeX Live 2009/Debian) (format=tex 2013.5.6)  28 MAY 2013 10:39
**libpari
(./libpari.tex (./parimacro.tex
\std=\read0
 (./paricfg.tex)
\toc=\write0
\out=\write1
\aux=\write2
\index=\write3

SECOND PASS
(./libpari.aux)) [1
\openout2 = `libpari.aux'.

\appno=\count8
\chapno=\count8
\secno=\count8
\subsecno=\count8
\subsubsecno=\count8
\euffam=\fam8
] [2] (./libpari.toc [3] [4] [5] [6] [7] [8]) [9
\openout0 = `libpari.toc'.

]
(./usersch4.tex [10] [11] [12] [13] [14] [15] [16] [17] [18] [19] [20] [21]
[22] [23] [24] [25] [26] [27] [28] [29
Reference `se:whatzero' on page 29 undefined on input line 1273
] [30
Reference `se:whatzero' on page 30 undefined on input line 1338
Reference `se:compquad' on page 30 undefined on input line 1338
] [31
Reference `se:priority' on page 31 undefined on input line 1404
Reference `se:priority' on page 31 undefined on input line 1404
Reference `se:priority' on page 31 undefined on input line 1404
] [32] [33
Reference `se:priority' on page 33 undefined on input line 1536
Reference `se:rempolmod' on page 33 undefined on input line 1536
Reference `se:priority' on page 33 undefined on input line 1536
] [34] [35] [36] [37] [38
Reference `se:defaults' on page 38 undefined on input line 1863
Reference `se:install' on page 38 undefined on input line 1863
] [39] [40] [41] [42] (../examples/extgcd.c) [43] [44]) (./usersch5.tex
[45] [46] [47] [48] [49] [50] [51] [52] [53] [54] [55] [56] [57] [58] [59]
[60] [61] [62
Reference `se:strings' on page 62 undefined on input line 1254
] [63] [64
Reference `se:addhelp' on page 64 undefined on input line 1394
Reference `se:install' on page 64 undefined on input line 1394
Reference `se:gprc' on page 64 undefined on input line 1394
] [65] [66] [67] [68] [69] [70] [71] [72] [73] [74] [75] [76] [77] [78]
[79] [80] [81] [82] [83] [84] [85] [86] [87] [88] [89] [90] [91] [92] [93]
[94] [95] [96] [97] [98] [99] [100] [101] [102] [103] [104] [105] [106]
[107] [108] [109] [110] [111] [112] [113] [114] [115] [116] [117] [118]
[119] [120] [121] [122] [123] [124] [125] [126] [127] [128] [129] [130]
[131] [132] [133] [134] [135] [136] [137] [138] [139] [140] [141] [142]
[143] [144] [145] [146] [147] [148] [149] [150] [151] [152] [153] [154]
[155] [156] [157] [158] [159] [160] [161] [162] [163] [164] [165] [166]
[167] [168] [169] [170] [171] [172]) (./usersch6.tex [173] [174] [175] [176]
[177] [178] [179] [180] [181] [182] [183] [184] [185] [186] [187] [188]
[189] [190] [191] [192] [193] [194] [195] [196] [197] [198] [199] [200])
(./usersch7.tex [201] [202] [203]) (./appb.tex [204] (../examples/extgcd.c
[205
Reference `se:install' on page 205 undefined on input line 33
]) [206]) (./appd.tex [207] (../examples/thread.c [208]) [209]) (./index.tex
[210
\fullhsize=\dimen20
\leftcolumn=\box20
\dbox=\box20
\dfillskip=\skip20
\interskipa=\skip20
\interskipb=\skip20
] [211] [212] [213] [214] [215] [216] [217] [218] [219] [220] [221]
[222] [223] [224] [225] [226] [227] [228] [229] [230] [231] [232] [233]
[234] [235]) [236] )
Output written on libpari.dvi (236 pages, 1177248 bytes).
